2025-03-18 19:47:47 | INFO | Server running on port 3000
2025-03-18 19:47:47 | INFO | Connected to MongoDB
2025-03-18 19:48:38 | INFO | Server running on port 3000
2025-03-18 19:48:38 | INFO | Connected to MongoDB
2025-03-18 19:48:38 | INFO | Retrieved recent jobs
Jobs Found:
  • Technical Program Manager - Infrastructure at LinkedIn (Sunnyvale, CA)
  • Senior Program Manager - AI/ML at LinkedIn (Sunnyvale, CA)
  • Senior Program Manager at Meta (Menlo Park, CA)
  • Technical Program Manager at Tesla (Austin, TX)
  • Senior Program Manager at Meta (Menlo Park, CA)
  • Technical Program Manager at Tesla (Austin, TX)
2025-03-18 19:48:47 | INFO | Retrieved recent jobs
Jobs Found:
  • Technical Program Manager - Infrastructure at LinkedIn (Sunnyvale, CA)
  • Senior Program Manager - AI/ML at LinkedIn (Sunnyvale, CA)
  • Senior Program Manager at Meta (Menlo Park, CA)
  • Technical Program Manager at Tesla (Austin, TX)
  • Senior Program Manager at Meta (Menlo Park, CA)
  • Technical Program Manager at Tesla (Austin, TX)
2025-03-18 19:49:18 | INFO | Checking for new jobs
Jobs Found:
  • Technical Program Manager - Platform at LinkedIn (Sunnyvale, CA)
2025-03-18 19:49:18 | INFO | New jobs added successfully
Jobs Found:
  • Technical Program Manager - Platform at LinkedIn (Sunnyvale, CA)
2025-03-18 19:50:04 | INFO | Retrieved recent jobs
Jobs Found:
  • Technical Program Manager - Platform at LinkedIn (Sunnyvale, CA)
  • Technical Program Manager - Infrastructure at LinkedIn (Sunnyvale, CA)
  • Senior Program Manager - AI/ML at LinkedIn (Sunnyvale, CA)
  • Senior Program Manager at Meta (Menlo Park, CA)
  • Technical Program Manager at Tesla (Austin, TX)
  • Senior Program Manager at Meta (Menlo Park, CA)
  • Technical Program Manager at Tesla (Austin, TX)
2025-03-18 19:56:21 | INFO | Retrieved recent jobs
Jobs Found:
  • Technical Program Manager - Platform at LinkedIn (Sunnyvale, CA)
  • Technical Program Manager - Infrastructure at LinkedIn (Sunnyvale, CA)
  • Senior Program Manager - AI/ML at LinkedIn (Sunnyvale, CA)
  • Senior Program Manager at Meta (Menlo Park, CA)
  • Technical Program Manager at Tesla (Austin, TX)
  • Senior Program Manager at Meta (Menlo Park, CA)
  • Technical Program Manager at Tesla (Austin, TX)
2025-03-18 19:56:33 | INFO | Checking for new jobs
Jobs Found:
  • Senior Technical Program Manager - AI/ML at Meta (Menlo Park, CA)
  • Program Manager - Autopilot at Tesla (Austin, TX)
  • Senior Program Manager - Cloud Infrastructure at LinkedIn (Sunnyvale, CA)
2025-03-18 19:56:33 | INFO | New jobs added successfully
Jobs Found:
  • Senior Technical Program Manager - AI/ML at Meta (Menlo Park, CA)
  • Program Manager - Autopilot at Tesla (Austin, TX)
  • Senior Program Manager - Cloud Infrastructure at LinkedIn (Sunnyvale, CA)
2025-03-18 19:58:02 | INFO | Retrieved recent jobs
Jobs Found:
  • Senior Technical Program Manager - AI/ML at Meta (Menlo Park, CA)
  • Program Manager - Autopilot at Tesla (Austin, TX)
  • Senior Program Manager - Cloud Infrastructure at LinkedIn (Sunnyvale, CA)
  • Technical Program Manager - Platform at LinkedIn (Sunnyvale, CA)
  • Technical Program Manager - Infrastructure at LinkedIn (Sunnyvale, CA)
  • Senior Program Manager - AI/ML at LinkedIn (Sunnyvale, CA)
  • Senior Program Manager at Meta (Menlo Park, CA)
  • Technical Program Manager at Tesla (Austin, TX)
  • Senior Program Manager at Meta (Menlo Park, CA)
  • Technical Program Manager at Tesla (Austin, TX)
2025-03-18 19:58:54 | INFO | Retrieved recent jobs
Jobs Found:
  • Senior Technical Program Manager - AI/ML at Meta (Menlo Park, CA)
  • Program Manager - Autopilot at Tesla (Austin, TX)
  • Senior Program Manager - Cloud Infrastructure at LinkedIn (Sunnyvale, CA)
  • Technical Program Manager - Platform at LinkedIn (Sunnyvale, CA)
  • Technical Program Manager - Infrastructure at LinkedIn (Sunnyvale, CA)
  • Senior Program Manager - AI/ML at LinkedIn (Sunnyvale, CA)
  • Senior Program Manager at Meta (Menlo Park, CA)
  • Technical Program Manager at Tesla (Austin, TX)
  • Senior Program Manager at Meta (Menlo Park, CA)
  • Technical Program Manager at Tesla (Austin, TX)
2025-03-18 19:59:43 | INFO | Retrieved recent jobs
Jobs Found:
  • Senior Technical Program Manager - AI/ML at Meta (Menlo Park, CA)
  • Program Manager - Autopilot at Tesla (Austin, TX)
  • Senior Program Manager - Cloud Infrastructure at LinkedIn (Sunnyvale, CA)
  • Technical Program Manager - Platform at LinkedIn (Sunnyvale, CA)
  • Technical Program Manager - Infrastructure at LinkedIn (Sunnyvale, CA)
  • Senior Program Manager - AI/ML at LinkedIn (Sunnyvale, CA)
  • Senior Program Manager at Meta (Menlo Park, CA)
  • Technical Program Manager at Tesla (Austin, TX)
  • Senior Program Manager at Meta (Menlo Park, CA)
  • Technical Program Manager at Tesla (Austin, TX)
2025-03-18 20:00:33 | INFO | Retrieved recent jobs
Jobs Found:
  • Senior Technical Program Manager - AI/ML at Meta (Menlo Park, CA)
  • Program Manager - Autopilot at Tesla (Austin, TX)
  • Senior Program Manager - Cloud Infrastructure at LinkedIn (Sunnyvale, CA)
  • Technical Program Manager - Platform at LinkedIn (Sunnyvale, CA)
  • Technical Program Manager - Infrastructure at LinkedIn (Sunnyvale, CA)
  • Senior Program Manager - AI/ML at LinkedIn (Sunnyvale, CA)
  • Senior Program Manager at Meta (Menlo Park, CA)
  • Technical Program Manager at Tesla (Austin, TX)
  • Senior Program Manager at Meta (Menlo Park, CA)
  • Technical Program Manager at Tesla (Austin, TX)
2025-03-25 20:11:12 | INFO | Retrieved recent jobs
Jobs Found:
  • Senior Technical Program Manager - AI/ML at Meta (Menlo Park, CA)
  • Program Manager - Autopilot at Tesla (Austin, TX)
  • Senior Program Manager - Cloud Infrastructure at LinkedIn (Sunnyvale, CA)
  • Technical Program Manager - Platform at LinkedIn (Sunnyvale, CA)
  • Technical Program Manager - Infrastructure at LinkedIn (Sunnyvale, CA)
  • Senior Program Manager - AI/ML at LinkedIn (Sunnyvale, CA)
  • Senior Program Manager at Meta (Menlo Park, CA)
  • Technical Program Manager at Tesla (Austin, TX)
  • Senior Program Manager at Meta (Menlo Park, CA)
  • Technical Program Manager at Tesla (Austin, TX)
